<?xml version="1.0" encoding="UTF-8"?>
<testsuite name="edu.jsu.mcis.TicTacToeGame.BoardTest" tests="1" skipped="0" failures="0" errors="0" timestamp="2014-09-17T23:42:56" hostname="Joshua-HP" time="0.014">
  <properties/>
  <testcase name="testNewBoardShouldBeBlank" classname="edu.jsu.mcis.TicTacToeGame.BoardTest" time="0.014"/>
  <system-out><![CDATA[]]></system-out>
  <system-err><![CDATA[]]></system-err>
</testsuite>
