<?xml version="1.0" encoding="UTF-8"?>
<testsuite name="edu.jsu.mcis.TicTacToeGame.TicTacToeTest" tests="8" skipped="0" failures="0" errors="0" timestamp="2014-09-17T23:42:56" hostname="Joshua-HP" time="0.023">
  <properties/>
  <testcase name="testShouldNotBeAbleToOverwriteTics" classname="edu.jsu.mcis.TicTacToeGame.TicTacToeTest" time="0.012"/>
  <testcase name="testPlayerShouldAlternateBetweenMoves" classname="edu.jsu.mcis.TicTacToeGame.TicTacToeTest" time="0.0"/>
  <testcase name="testGameShouldBeLosable" classname="edu.jsu.mcis.TicTacToeGame.TicTacToeTest" time="0.001"/>
  <testcase name="testShouldNotBeAbleToExceedBounds" classname="edu.jsu.mcis.TicTacToeGame.TicTacToeTest" time="0.0"/>
  <testcase name="testGameCanReturnSymbol" classname="edu.jsu.mcis.TicTacToeGame.TicTacToeTest" time="0.0"/>
  <testcase name="testPlacingTicShouldAddCorrectTicToLocation" classname="edu.jsu.mcis.TicTacToeGame.TicTacToeTest" time="0.0"/>
  <testcase name="testNewGameShouldBeBlank" classname="edu.jsu.mcis.TicTacToeGame.TicTacToeTest" time="0.0"/>
  <testcase name="testGameShouldBeWinable" classname="edu.jsu.mcis.TicTacToeGame.TicTacToeTest" time="0.001"/>
  <system-out><![CDATA[]]></system-out>
  <system-err><![CDATA[]]></system-err>
</testsuite>
