<?xml version="1.0" encoding="UTF-8"?>
<testsuite name="cs310.tictactoe.BoardTest" tests="1" skipped="0" failures="0" errors="0" timestamp="2014-09-17T04:26:36" hostname="Joshua-HP" time="0.011">
  <properties/>
  <testcase name="testNewBoardShouldBeBlank" classname="cs310.tictactoe.BoardTest" time="0.011"/>
  <system-out><![CDATA[]]></system-out>
  <system-err><![CDATA[]]></system-err>
</testsuite>
